<?xml version="1.0" encoding="UTF-8"?>
<!-- Generated by org.testng.reporters.JUnitReportReporter -->
<testsuite skipped="0" hostname="DESKTOP-GEM2PDO" name="XISHE_Tests.XISHE_Assignment2.Tests" tests="2" failures="0" timestamp="2022-03-03T13:38:15 EET" time="135.976" errors="0">
  <testcase name="TestCase2" time="48.080" classname="XISHE_Tests.XISHE_Assignment2.Tests"/>
  <system-out/>
  <testcase name="TestCase1" time="87.896" classname="XISHE_Tests.XISHE_Assignment2.Tests"/>
  <system-out/>
</testsuite> <!-- XISHE_Tests.XISHE_Assignment2.Tests -->
